app/build/outputs/logs/manifest-merger-debug-report.txt
-- Merging decision tree log ---
manifest
ADDED from src\main\AndroidManifest.xml:2:1-132:12
	package
		ADDED from src\main\AndroidManifest.xml:3:5-37
		INJECTED from src\main\AndroidManifest.xml
		INJECTED from src\main\AndroidManifest.xml
	android:versionName
		ADDED from src\main\AndroidManifest.xml:5:5-30
	android:versionCode
		ADDED from src\main\AndroidManifest.xml:4:5-28
		INJECTED from src\main\AndroidManifest.xml
		INJECTED from src\main\AndroidManifest.xml
	xmlns:android
		ADDED from src\main\AndroidManifest.xml:2:11-69
uses-sdk
ADDED from src\main\AndroidManifest.xml:7:5-9:41
MERGED from [com.android.support:support-v4:22.2.1] AndroidManifest.xml:20:5-43
	android:targetSdkVersion
		ADDED from src\main\AndroidManifest.xml:9:9-38
		INJECTED from src\main\AndroidManifest.xml
		INJECTED from src\main\AndroidManifest.xml
	android:minSdkVersion
		ADDED from src\main\AndroidManifest.xml:8:9-35
		INJECTED from src\main\AndroidManifest.xml
		INJECTED from src\main\AndroidManifest.xml
uses-permission#android.permission.RECEIVE_BOOT_COMPLETED
ADDED from src\main\AndroidManifest.xml:11:5-81
	android:name
		ADDED from src\main\AndroidManifest.xml:11:22-78
uses-permission#android.permission.WAKE_LOCK
ADDED from src\main\AndroidManifest.xml:12:5-68
	android:name
		ADDED from src\main\AndroidManifest.xml:12:22-65
uses-permission#android.permission.WRITE_EXTERNAL_STORAGE
ADDED from src\main\AndroidManifest.xml:13:5-81
	android:name
		ADDED from src\main\AndroidManifest.xml:13:22-78
uses-permission#android.permission.READ_EXTERNAL_STORAGE
ADDED from src\main\AndroidManifest.xml:14:5-80
	android:name
		ADDED from src\main\AndroidManifest.xml:14:22-77
uses-permission#android.permission.INTERNET
ADDED from src\main\AndroidManifest.xml:15:5-66
	android:name
		ADDED from src\main\AndroidManifest.xml:15:22-64
uses-permission#android.permission.ACCESS_NETWORK_STATE
ADDED from src\main\AndroidManifest.xml:16:5-78
	android:name
		ADDED from src\main\AndroidManifest.xml:16:22-76
application
ADDED from src\main\AndroidManifest.xml:18:5-130:19
MERGED from [com.android.support:support-v4:22.2.1] AndroidManifest.xml:22:5-20
	android:label
		ADDED from src\main\AndroidManifest.xml:21:9-41
	android:allowBackup
		ADDED from src\main\AndroidManifest.xml:19:9-35
	android:icon
		ADDED from src\main\AndroidManifest.xml:20:9-45
	android:theme
		ADDED from src\main\AndroidManifest.xml:22:9-40
activity#com.medworld.appdoctor.AppDoctor
ADDED from src\main\AndroidManifest.xml:23:9-31:20
	android:label
		ADDED from src\main\AndroidManifest.xml:25:13-45
	android:name
		ADDED from src\main\AndroidManifest.xml:24:13-60
intent-filter#android.intent.action.MAIN+android.intent.category.LAUNCHER
ADDED from src\main\AndroidManifest.xml:26:13-30:29
action#android.intent.action.MAIN
ADDED from src\main\AndroidManifest.xml:27:17-69
	android:name
		ADDED from src\main\AndroidManifest.xml:27:25-66
category#android.intent.category.LAUNCHER
ADDED from src\main\AndroidManifest.xml:29:17-77
	android:name
		ADDED from src\main\AndroidManifest.xml:29:27-74
activity#com.appszoom.appszoomsdk.AppsZoomInterstitialActivity
ADDED from src\main\AndroidManifest.xml:32:9-34:63
	android:theme
		ADDED from src\main\AndroidManifest.xml:34:12-60
	android:name
		ADDED from src\main\AndroidManifest.xml:33:12-80
activity#com.medworld.appdoctor.Symptoms
ADDED from src\main\AndroidManifest.xml:35:9-38:20
	android:label
		ADDED from src\main\AndroidManifest.xml:37:13-60
	android:name
		ADDED from src\main\AndroidManifest.xml:36:13-59
activity#com.medworld.appdoctor.Diseases
ADDED from src\main\AndroidManifest.xml:39:9-42:20
	android:label
		ADDED from src\main\AndroidManifest.xml:41:13-60
	android:name
		ADDED from src\main\AndroidManifest.xml:40:13-59
activity#com.medworld.appdoctor.Medicines
ADDED from src\main\AndroidManifest.xml:43:9-46:20
	android:label
		ADDED from src\main\AndroidManifest.xml:45:13-61
	android:name
		ADDED from src\main\AndroidManifest.xml:44:13-60
activity#com.medworld.appdoctor.HealthNews
ADDED from src\main\AndroidManifest.xml:47:9-50:20
	android:label
		ADDED from src\main\AndroidManifest.xml:49:13-63
	android:name
		ADDED from src\main\AndroidManifest.xml:48:13-61
activity#com.medworld.appdoctor.AboutMe
ADDED from src\main\AndroidManifest.xml:51:9-54:20
	android:label
		ADDED from src\main\AndroidManifest.xml:53:13-60
	android:name
		ADDED from src\main\AndroidManifest.xml:52:13-58
activity#com.medworld.appdoctor.SubPainkiller
ADDED from src\main\AndroidManifest.xml:55:9-58:20
	android:label
		ADDED from src\main\AndroidManifest.xml:57:13-66
	android:name
		ADDED from src\main\AndroidManifest.xml:56:13-64
activity#com.medworld.appdoctor.SubAntibiotic
ADDED from src\main\AndroidManifest.xml:59:9-62:20
	android:label
		ADDED from src\main\AndroidManifest.xml:61:13-66
	android:name
		ADDED from src\main\AndroidManifest.xml:60:13-64
activity#com.medworld.appdoctor.SubAntihistamine
ADDED from src\main\AndroidManifest.xml:63:9-66:20
	android:label
		ADDED from src\main\AndroidManifest.xml:65:13-69
	android:name
		ADDED from src\main\AndroidManifest.xml:64:13-67
activity#com.medworld.appdoctor.InspirationalQuotes
ADDED from src\main\AndroidManifest.xml:67:9-70:20
	android:label
		ADDED from src\main\AndroidManifest.xml:69:13-72
	android:name
		ADDED from src\main\AndroidManifest.xml:68:13-70
activity#com.medworld.appdoctor.AccountNo
ADDED from src\main\AndroidManifest.xml:71:9-74:20
	android:label
		ADDED from src\main\AndroidManifest.xml:73:13-62
	android:name
		ADDED from src\main\AndroidManifest.xml:72:13-60
activity#com.medworld.appdoctor.ResultEvaluate
ADDED from src\main\AndroidManifest.xml:75:9-78:20
	android:label
		ADDED from src\main\AndroidManifest.xml:77:13-67
	android:name
		ADDED from src\main\AndroidManifest.xml:76:13-65
activity#com.medworld.appdoctor.DiseaseExplanation
ADDED from src\main\AndroidManifest.xml:79:9-82:20
	android:label
		ADDED from src\main\AndroidManifest.xml:81:13-71
	android:name
		ADDED from src\main\AndroidManifest.xml:80:13-69
activity#com.medworld.appdoctor.SubAntiinflamatory
ADDED from src\main\AndroidManifest.xml:83:9-86:20
	android:label
		ADDED from src\main\AndroidManifest.xml:85:13-71
	android:name
		ADDED from src\main\AndroidManifest.xml:84:13-69
activity#com.medworld.appdoctor.Notify
ADDED from src\main\AndroidManifest.xml:87:9-88:20
	android:name
		ADDED from src\main\AndroidManifest.xml:87:19-63
activity#com.medworld.appdoctor.AlarmListActivity
ADDED from src\main\AndroidManifest.xml:89:9-90:20
	android:name
		ADDED from src\main\AndroidManifest.xml:89:19-74
activity#com.medworld.appdoctor.AlarmScreen
ADDED from src\main\AndroidManifest.xml:91:9-92:20
	android:name
		ADDED from src\main\AndroidManifest.xml:91:19-68
activity#com.medworld.appdoctor.AlarmDetailsActivity
ADDED from src\main\AndroidManifest.xml:93:9-94:20
	android:name
		ADDED from src\main\AndroidManifest.xml:93:19-77
activity#com.medworld.appdoctor.SetNotification
ADDED from src\main\AndroidManifest.xml:95:9-98:20
	android:label
		ADDED from src\main\AndroidManifest.xml:97:13-68
	android:name
		ADDED from src\main\AndroidManifest.xml:96:13-66
service#com.medworld.appdoctor.AlarmService
ADDED from src\main\AndroidManifest.xml:100:9-103:19
	android:enabled
		ADDED from src\main\AndroidManifest.xml:102:13-35
	android:name
		ADDED from src\main\AndroidManifest.xml:101:13-63
receiver#com.medworld.appdoctor.AlarmManagerHelper
ADDED from src\main\AndroidManifest.xml:105:9-109:20
	android:name
		ADDED from src\main\AndroidManifest.xml:105:19-75
intent-filter#android.intent.action.BOOT_COMPLETED
ADDED from src\main\AndroidManifest.xml:106:13-108:29
action#android.intent.action.BOOT_COMPLETED
ADDED from src\main\AndroidManifest.xml:107:17-79
	android:name
		ADDED from src\main\AndroidManifest.xml:107:25-76
receiver#com.appszoom.appszoomsdk.AppsZoomPackageAddedReceiver
ADDED from src\main\AndroidManifest.xml:114:9-120:20
	android:name
		ADDED from src\main\AndroidManifest.xml:115:14-82
intent-filter#android.intent.action.PACKAGE_ADDED
ADDED from src\main\AndroidManifest.xml:116:14-119:30
data
ADDED from src\main\AndroidManifest.xml:117:19-52
	android:scheme
		ADDED from src\main\AndroidManifest.xml:117:25-49
action#android.intent.action.PACKAGE_ADDED
ADDED from src\main\AndroidManifest.xml:118:19-80
	android:name
		ADDED from src\main\AndroidManifest.xml:118:27-77
receiver#com.appszoom.appszoomsdk.AppsZoomReferrerReceiver
ADDED from src\main\AndroidManifest.xml:123:9-129:20
	android:exported
		ADDED from src\main\AndroidManifest.xml:125:14-37
	android:name
		ADDED from src\main\AndroidManifest.xml:124:14-78
intent-filter#com.android.vending.INSTALL_REFERRER
ADDED from src\main\AndroidManifest.xml:126:14-128:30
action#com.android.vending.INSTALL_REFERRER
ADDED from src\main\AndroidManifest.xml:127:18-80
	android:name
		ADDED from src\main\AndroidManifest.xml:127:26-77